<?xml version="1.0" encoding="utf-8"?><testsuites name="pytest tests"><testsuite name="pytest" errors="0" failures="0" skipped="0" tests="26" time="3.845" timestamp="2026-08-22T14:42:40.259847+00:00" hostname="agent-env-b0465605-71fd-44d6-933a-77e1d80546a0"><testcase classname="tests.test_chat_telegram_removal_regression.TestChatSend" name="test_employee_send_to_admin_persists" time="1.255" /><testcase classname="tests.test_chat_telegram_removal_regression.TestChatSend" name="test_admin_send_to_employee_persists" time="0.079" /><testcase classname="tests.test_chat_telegram_removal_regression.TestChatSend" name="test_send_requires_auth" time="0.076" /><testcase classname="tests.test_chat_telegram_removal_regression.TestChatSend" name="test_send_invalid_token" time="0.093" /><testcase classname="tests.test_chat_telegram_removal_regression.TestChatSendImage" name="test_send_image_success_and_served" time="0.249" /><testcase classname="tests.test_chat_telegram_removal_regression.TestChatSendImage" name="test_send_image_invalid_extension" time="0.075" /><testcase classname="tests.test_chat_telegram_removal_regression.TestChatSendImage" name="test_send_image_requires_auth" time="0.078" /><testcase classname="tests.test_chat_telegram_removal_regression.TestChatSendImage" name="test_image_path_traversal_blocked[..%2f..%2f..%2fetc%2fpasswd]" time="0.076" /><testcase classname="tests.test_chat_telegram_removal_regression.TestChatSendImage" name="test_image_path_traversal_blocked[%2e%2e%2f%2e%2e%2fetc%2fpasswd]" time="0.113" /><testcase classname="tests.test_chat_telegram_removal_regression.TestChatSendImage" name="test_image_path_traversal_blocked[....//....//etc/passwd]" time="0.069" /><testcase classname="tests.test_chat_telegram_removal_regression.TestChatSendImage" name="test_image_path_traversal_blocked[nonexistent_file_iter31.png]" time="0.114" /><testcase classname="tests.test_chat_telegram_removal_regression.TestChatReadEndpoints" name="test_requires_auth[/chat/conversations]" time="0.074" /><testcase classname="tests.test_chat_telegram_removal_regression.TestChatReadEndpoints" name="test_requires_auth[/chat/unread]" time="0.076" /><testcase classname="tests.test_chat_telegram_removal_regression.TestChatReadEndpoints" name="test_messages_requires_auth" time="0.076" /><testcase classname="tests.test_chat_telegram_removal_regression.TestChatReadEndpoints" name="test_admin_conversations" time="0.091" /><testcase classname="tests.test_chat_telegram_removal_regression.TestChatReadEndpoints" name="test_employee_conversations" time="0.078" /><testcase classname="tests.test_chat_telegram_removal_regression.TestChatReadEndpoints" name="test_messages_marks_read_and_unread_clears" time="0.343" /><testcase classname="tests.test_chat_telegram_removal_regression.TestTelegramFullyRemoved" name="test_webhook_endpoint_gone[post]" time="0.077" /><testcase classname="tests.test_chat_telegram_removal_regression.TestTelegramFullyRemoved" name="test_webhook_endpoint_gone[get]" time="0.075" /><testcase classname="tests.test_chat_telegram_removal_regression.TestTelegramFullyRemoved" name="test_webhook_endpoint_gone[put]" time="0.078" /><testcase classname="tests.test_chat_telegram_removal_regression.TestTelegramFullyRemoved" name="test_webhook_endpoint_gone[patch]" time="0.074" /><testcase classname="tests.test_chat_telegram_removal_regression.TestTelegramFullyRemoved" name="test_webhook_endpoint_gone[delete]" time="0.070" /><testcase classname="tests.test_chat_telegram_removal_regression.TestTelegramFullyRemoved" name="test_no_telegram_references_in_app_code" time="0.007" /><testcase classname="tests.test_chat_telegram_removal_regression.TestTelegramFullyRemoved" name="test_telegram_token_not_in_env" time="0.001" /><testcase classname="tests.test_chat_telegram_removal_regression.TestTelegramFullyRemoved" name="test_chat_module_has_no_notification_symbol" time="0.001" /><testcase classname="tests.test_chat_telegram_removal_regression.TestTelegramFullyRemoved" name="test_telegram_subscribers_collection_dropped" time="0.232" /></testsuite></testsuites>