<?xml version="1.0" encoding="utf-8"?><testsuites name="pytest tests"><testsuite name="pytest" errors="0" failures="0" skipped="0" tests="21" time="7.350" timestamp="2026-08-22T13:27:00.278443+00:00" hostname="agent-env-b0465605-71fd-44d6-933a-77e1d80546a0"><testcase classname="tests.test_chat_and_per_employee_tasks.TestAdminLogin" name="test_admin_login_success" time="0.701" /><testcase classname="tests.test_chat_and_per_employee_tasks.TestAdminLogin" name="test_admin_login_invalid_credentials" time="0.194" /><testcase classname="tests.test_chat_and_per_employee_tasks.TestAdminEmployees" name="test_get_employees" time="0.732" /><testcase classname="tests.test_chat_and_per_employee_tasks.TestTaskCreation" name="test_create_task" time="0.172" /><testcase classname="tests.test_chat_and_per_employee_tasks.TestPerEmployeeTaskStatus" name="test_assign_task_to_multiple_employees" time="0.932" /><testcase classname="tests.test_chat_and_per_employee_tasks.TestEmployeeTasks" name="test_employee_get_tasks" time="0.568" /><testcase classname="tests.test_chat_and_per_employee_tasks.TestEmployeeTasks" name="test_employee_stats" time="0.176" /><testcase classname="tests.test_chat_and_per_employee_tasks.TestChatSystem" name="test_chat_send_message" time="0.316" /><testcase classname="tests.test_chat_and_per_employee_tasks.TestChatSystem" name="test_chat_get_messages" time="0.312" /><testcase classname="tests.test_chat_and_per_employee_tasks.TestChatSystem" name="test_chat_get_conversations" time="0.153" /><testcase classname="tests.test_chat_and_per_employee_tasks.TestChatSystem" name="test_chat_get_unread" time="0.161" /><testcase classname="tests.test_chat_and_per_employee_tasks.TestChatSystem" name="test_chat_employee_unread" time="0.203" /><testcase classname="tests.test_chat_and_per_employee_tasks.TestTelegramWebhook" name="test_telegram_webhook_removed_start" time="0.180" /><testcase classname="tests.test_chat_and_per_employee_tasks.TestTelegramWebhook" name="test_telegram_webhook_removed_stop" time="0.214" /><testcase classname="tests.test_chat_and_per_employee_tasks.TestQuizEndpoints" name="test_quiz_status_requires_auth" time="0.209" /><testcase classname="tests.test_chat_and_per_employee_tasks.TestQuizEndpoints" name="test_quiz_admin_view" time="0.149" /><testcase classname="tests.test_chat_and_per_employee_tasks.TestAnosimEndpoints" name="test_anosim_my_number_employee" time="0.153" /><testcase classname="tests.test_chat_and_per_employee_tasks.TestAnosimEndpoints" name="test_anosim_numbers_admin" time="0.723" /><testcase classname="tests.test_chat_and_per_employee_tasks.TestAnosimEndpoints" name="test_anosim_assignments_admin" time="0.250" /><testcase classname="tests.test_chat_and_per_employee_tasks.TestChatImageEndpoint" name="test_chat_image_not_found" time="0.131" /><testcase classname="tests.test_chat_and_per_employee_tasks.TestEmployeeTaskStatusUpdate" name="test_employee_update_task_status" time="0.446" /></testsuite></testsuites>