<?xml version="1.0" encoding="utf-8"?><testsuites name="pytest tests"><testsuite name="pytest" errors="0" failures="0" skipped="0" tests="389" time="30.335" timestamp="2026-08-22T13:25:39.601430+00:00" hostname="agent-env-b0465605-71fd-44d6-933a-77e1d80546a0"><testcase classname="tests.test_security_full_audit" name="test_removed_endpoints_gone[post-/admin/init-admin]" time="0.218" /><testcase classname="tests.test_security_full_audit" name="test_removed_endpoints_gone[post-/employee/init-employee]" time="0.050" /><testcase classname="tests.test_security_full_audit" name="test_removed_endpoints_gone[get-/status]" time="0.048" /><testcase classname="tests.test_security_full_audit" name="test_removed_endpoints_gone[post-/status]" time="0.049" /><testcase classname="tests.test_security_full_audit" name="test_admin_endpoint_requires_auth_header[GET /admin/employees]" time="0.055" /><testcase classname="tests.test_security_full_audit" name="test_admin_endpoint_requires_auth_header[GET /admin/tasks]" time="0.048" /><testcase classname="tests.test_security_full_audit" name="test_admin_endpoint_requires_auth_header[POST /admin/tasks]" time="0.064" /><testcase classname="tests.test_security_full_audit" name="test_admin_endpoint_requires_auth_header[DELETE /admin/tasks/does-not-exist]" time="0.051" /><testcase classname="tests.test_security_full_audit" name="test_admin_endpoint_requires_auth_header[PUT /admin/tasks/does-not-exist/assign]" time="0.047" /><testcase classname="tests.test_security_full_audit" name="test_admin_endpoint_requires_auth_header[PUT /admin/tasks/does-not-exist/category]" time="0.046" /><testcase classname="tests.test_security_full_audit" name="test_admin_endpoint_requires_auth_header[PUT /admin/tasks/does-not-exist/credentials]" time="0.054" /><testcase classname="tests.test_security_full_audit" name="test_admin_endpoint_requires_auth_header[PUT /admin/tasks/does-not-exist/assign-multiple]" time="0.046" /><testcase classname="tests.test_security_full_audit" name="test_admin_endpoint_requires_auth_header[GET /admin/documents]" time="0.048" /><testcase classname="tests.test_security_full_audit" name="test_admin_endpoint_requires_auth_header[GET /admin/documents/does-not-exist/download]" time="0.049" /><testcase classname="tests.test_security_full_audit" name="test_admin_endpoint_requires_auth_header[PUT /admin/documents/does-not-exist/approve]" time="0.049" /><testcase classname="tests.test_security_full_audit" name="test_admin_endpoint_requires_auth_header[PUT /admin/documents/does-not-exist/reject]" time="0.047" /><testcase classname="tests.test_security_full_audit" name="test_admin_endpoint_requires_auth_header[DELETE /admin/documents/does-not-exist]" time="0.049" /><testcase classname="tests.test_security_full_audit" name="test_admin_endpoint_requires_auth_header[GET /applications/]" time="0.059" /><testcase classname="tests.test_security_full_audit" name="test_admin_endpoint_requires_auth_header[POST /applications/does-not-exist/accept]" time="0.064" /><testcase classname="tests.test_security_full_audit" name="test_admin_endpoint_requires_auth_header[POST /applications/does-not-exist/unlock]" time="0.047" /><testcase classname="tests.test_security_full_audit" name="test_admin_endpoint_requires_auth_header[PUT /applications/does-not-exist/contract-type]" time="0.055" /><testcase classname="tests.test_security_full_audit" name="test_admin_endpoint_requires_auth_header[DELETE /applications/does-not-exist]" time="0.057" /><testcase classname="tests.test_security_full_audit" name="test_admin_endpoint_requires_auth_header[GET /applications/verification/does-not-exist/front]" time="0.049" /><testcase classname="tests.test_security_full_audit" name="test_admin_endpoint_requires_auth_header[DELETE /applications/verification/does-not-exist]" time="0.049" /><testcase classname="tests.test_security_full_audit" name="test_admin_endpoint_requires_auth_header[GET /applications/contract-templates]" time="0.047" /><testcase classname="tests.test_security_full_audit" name="test_admin_endpoint_requires_auth_header[PUT /applications/contract-templates/vollzeit]" time="0.048" /><testcase classname="tests.test_security_full_audit" name="test_admin_endpoint_requires_auth_header[GET /email-inbox/accounts]" time="0.050" /><testcase classname="tests.test_security_full_audit" name="test_admin_endpoint_requires_auth_header[POST /email-inbox/accounts]" time="0.054" /><testcase classname="tests.test_security_full_audit" name="test_admin_endpoint_requires_auth_header[DELETE /email-inbox/accounts/does-not-exist]" time="0.048" /><testcase classname="tests.test_security_full_audit" name="test_admin_endpoint_requires_auth_header[POST /email-inbox/assign]" time="0.052" /><testcase classname="tests.test_security_full_audit" name="test_admin_endpoint_requires_auth_header[POST /email-inbox/unassign/does-not-exist]" time="0.078" /><testcase classname="tests.test_security_full_audit" name="test_admin_endpoint_requires_auth_header[GET /email-inbox/stats]" time="0.048" /><testcase classname="tests.test_security_full_audit" name="test_admin_endpoint_requires_auth_header[GET /email-inbox/test/does-not-exist]" time="0.051" /><testcase classname="tests.test_security_full_audit" name="test_admin_endpoint_requires_auth_header[GET /anosim/numbers]" time="0.057" /><testcase classname="tests.test_security_full_audit" name="test_admin_endpoint_requires_auth_header[POST /anosim/assign]" time="0.049" /><testcase classname="tests.test_security_full_audit" name="test_admin_endpoint_requires_auth_header[POST /anosim/unassign]" time="0.049" /><testcase classname="tests.test_security_full_audit" name="test_admin_endpoint_requires_auth_header[GET /anosim/assignments]" time="0.050" /><testcase classname="tests.test_security_full_audit" name="test_admin_endpoint_requires_auth_header[POST /test-sessions/create]" time="0.049" /><testcase classname="tests.test_security_full_audit" name="test_admin_endpoint_requires_auth_header[GET /test-sessions/]" time="0.048" /><testcase classname="tests.test_security_full_audit" name="test_admin_endpoint_requires_auth_header[DELETE /test-sessions/does-not-exist]" time="0.058" /><testcase classname="tests.test_security_full_audit" name="test_admin_endpoint_requires_auth_header[POST /referrals/]" time="0.051" /><testcase classname="tests.test_security_full_audit" name="test_admin_endpoint_requires_auth_header[GET /referrals/]" time="0.051" /><testcase classname="tests.test_security_full_audit" name="test_admin_endpoint_requires_auth_header[DELETE /referrals/does-not-exist]" time="0.048" /><testcase classname="tests.test_security_full_audit" name="test_admin_endpoint_requires_auth_header[PATCH /referrals/does-not-exist/toggle]" time="0.047" /><testcase classname="tests.test_security_full_audit" name="test_admin_endpoint_requires_auth_header[GET /quiz/admin/does-not-exist]" time="0.049" /><testcase classname="tests.test_security_full_audit" name="test_admin_endpoint_requires_auth_header[POST /quiz/admin/does-not-exist/approve]" time="0.048" /><testcase classname="tests.test_security_full_audit" name="test_admin_endpoint_requires_auth_header[GET /contracts/]" time="0.048" /><testcase classname="tests.test_security_full_audit" name="test_admin_endpoint_requires_auth_header[POST /contracts/create]" time="0.047" /><testcase classname="tests.test_security_full_audit" name="test_admin_endpoint_rejects_employee_token[GET /admin/employees]" time="0.394" /><testcase classname="tests.test_security_full_audit" name="test_admin_endpoint_rejects_employee_token[GET /admin/tasks]" time="0.049" /><testcase classname="tests.test_security_full_audit" name="test_admin_endpoint_rejects_employee_token[POST /admin/tasks]" time="0.050" /><testcase classname="tests.test_security_full_audit" name="test_admin_endpoint_rejects_employee_token[DELETE /admin/tasks/does-not-exist]" time="0.052" /><testcase classname="tests.test_security_full_audit" name="test_admin_endpoint_rejects_employee_token[PUT /admin/tasks/does-not-exist/assign]" time="0.082" /><testcase classname="tests.test_security_full_audit" name="test_admin_endpoint_rejects_employee_token[PUT /admin/tasks/does-not-exist/category]" time="0.053" /><testcase classname="tests.test_security_full_audit" name="test_admin_endpoint_rejects_employee_token[PUT /admin/tasks/does-not-exist/credentials]" time="0.051" /><testcase classname="tests.test_security_full_audit" name="test_admin_endpoint_rejects_employee_token[PUT /admin/tasks/does-not-exist/assign-multiple]" time="0.052" /><testcase classname="tests.test_security_full_audit" name="test_admin_endpoint_rejects_employee_token[GET /admin/documents]" time="0.049" /><testcase classname="tests.test_security_full_audit" name="test_admin_endpoint_rejects_employee_token[GET /admin/documents/does-not-exist/download]" time="0.050" /><testcase classname="tests.test_security_full_audit" name="test_admin_endpoint_rejects_employee_token[PUT /admin/documents/does-not-exist/approve]" time="0.049" /><testcase classname="tests.test_security_full_audit" name="test_admin_endpoint_rejects_employee_token[PUT /admin/documents/does-not-exist/reject]" time="0.049" /><testcase classname="tests.test_security_full_audit" name="test_admin_endpoint_rejects_employee_token[DELETE /admin/documents/does-not-exist]" time="0.047" /><testcase classname="tests.test_security_full_audit" name="test_admin_endpoint_rejects_employee_token[GET /applications/]" time="0.051" /><testcase classname="tests.test_security_full_audit" name="test_admin_endpoint_rejects_employee_token[POST /applications/does-not-exist/accept]" time="0.049" /><testcase classname="tests.test_security_full_audit" name="test_admin_endpoint_rejects_employee_token[POST /applications/does-not-exist/unlock]" time="0.048" /><testcase classname="tests.test_security_full_audit" name="test_admin_endpoint_rejects_employee_token[PUT /applications/does-not-exist/contract-type]" time="0.046" /><testcase classname="tests.test_security_full_audit" name="test_admin_endpoint_rejects_employee_token[DELETE /applications/does-not-exist]" time="0.049" /><testcase classname="tests.test_security_full_audit" name="test_admin_endpoint_rejects_employee_token[GET /applications/verification/does-not-exist/front]" time="0.046" /><testcase classname="tests.test_security_full_audit" name="test_admin_endpoint_rejects_employee_token[DELETE /applications/verification/does-not-exist]" time="0.047" /><testcase classname="tests.test_security_full_audit" name="test_admin_endpoint_rejects_employee_token[GET /applications/contract-templates]" time="0.050" /><testcase classname="tests.test_security_full_audit" name="test_admin_endpoint_rejects_employee_token[PUT /applications/contract-templates/vollzeit]" time="0.048" /><testcase classname="tests.test_security_full_audit" name="test_admin_endpoint_rejects_employee_token[GET /email-inbox/accounts]" time="0.049" /><testcase classname="tests.test_security_full_audit" name="test_admin_endpoint_rejects_employee_token[POST /email-inbox/accounts]" time="0.054" /><testcase classname="tests.test_security_full_audit" name="test_admin_endpoint_rejects_employee_token[DELETE /email-inbox/accounts/does-not-exist]" time="0.051" /><testcase classname="tests.test_security_full_audit" name="test_admin_endpoint_rejects_employee_token[POST /email-inbox/assign]" time="0.055" /><testcase classname="tests.test_security_full_audit" name="test_admin_endpoint_rejects_employee_token[POST /email-inbox/unassign/does-not-exist]" time="0.054" /><testcase classname="tests.test_security_full_audit" name="test_admin_endpoint_rejects_employee_token[GET /email-inbox/stats]" time="0.057" /><testcase classname="tests.test_security_full_audit" name="test_admin_endpoint_rejects_employee_token[GET /email-inbox/test/does-not-exist]" time="0.052" /><testcase classname="tests.test_security_full_audit" name="test_admin_endpoint_rejects_employee_token[GET /anosim/numbers]" time="0.046" /><testcase classname="tests.test_security_full_audit" name="test_admin_endpoint_rejects_employee_token[POST /anosim/assign]" time="0.090" /><testcase classname="tests.test_security_full_audit" name="test_admin_endpoint_rejects_employee_token[POST /anosim/unassign]" time="0.049" /><testcase classname="tests.test_security_full_audit" name="test_admin_endpoint_rejects_employee_token[GET /anosim/assignments]" time="0.052" /><testcase classname="tests.test_security_full_audit" name="test_admin_endpoint_rejects_employee_token[POST /test-sessions/create]" time="0.048" /><testcase classname="tests.test_security_full_audit" name="test_admin_endpoint_rejects_employee_token[GET /test-sessions/]" time="0.049" /><testcase classname="tests.test_security_full_audit" name="test_admin_endpoint_rejects_employee_token[DELETE /test-sessions/does-not-exist]" time="0.047" /><testcase classname="tests.test_security_full_audit" name="test_admin_endpoint_rejects_employee_token[POST /referrals/]" time="0.052" /><testcase classname="tests.test_security_full_audit" name="test_admin_endpoint_rejects_employee_token[GET /referrals/]" time="0.047" /><testcase classname="tests.test_security_full_audit" name="test_admin_endpoint_rejects_employee_token[DELETE /referrals/does-not-exist]" time="0.048" /><testcase classname="tests.test_security_full_audit" name="test_admin_endpoint_rejects_employee_token[PATCH /referrals/does-not-exist/toggle]" time="0.049" /><testcase classname="tests.test_security_full_audit" name="test_admin_endpoint_rejects_employee_token[GET /quiz/admin/does-not-exist]" time="0.048" /><testcase classname="tests.test_security_full_audit" name="test_admin_endpoint_rejects_employee_token[POST /quiz/admin/does-not-exist/approve]" time="0.048" /><testcase classname="tests.test_security_full_audit" name="test_admin_endpoint_rejects_employee_token[GET /contracts/]" time="0.051" /><testcase classname="tests.test_security_full_audit" name="test_admin_endpoint_rejects_employee_token[POST /contracts/create]" time="0.050" /><testcase classname="tests.test_security_full_audit" name="test_admin_endpoint_rejects_forged_tokens[GET /admin/employees-garbage]" time="0.048" /><testcase classname="tests.test_security_full_audit" name="test_admin_endpoint_rejects_forged_tokens[GET /admin/employees-wrong_secret_admin]" time="0.048" /><testcase classname="tests.test_security_full_audit" name="test_admin_endpoint_rejects_forged_tokens[GET /admin/employees-expired_wrong_secret]" time="0.048" /><testcase classname="tests.test_security_full_audit" name="test_admin_endpoint_rejects_forged_tokens[GET /admin/employees-tampered]" time="0.049" /><testcase classname="tests.test_security_full_audit" name="test_admin_endpoint_rejects_forged_tokens[GET /admin/employees-none_alg]" time="0.053" /><testcase classname="tests.test_security_full_audit" name="test_admin_endpoint_rejects_forged_tokens[GET /admin/tasks-garbage]" time="0.047" /><testcase classname="tests.test_security_full_audit" name="test_admin_endpoint_rejects_forged_tokens[GET /admin/tasks-wrong_secret_admin]" time="0.050" /><testcase classname="tests.test_security_full_audit" name="test_admin_endpoint_rejects_forged_tokens[GET /admin/tasks-expired_wrong_secret]" time="0.055" /><testcase classname="tests.test_security_full_audit" name="test_admin_endpoint_rejects_forged_tokens[GET /admin/tasks-tampered]" time="0.051" /><testcase classname="tests.test_security_full_audit" name="test_admin_endpoint_rejects_forged_tokens[GET /admin/tasks-none_alg]" time="0.054" /><testcase classname="tests.test_security_full_audit" name="test_admin_endpoint_rejects_forged_tokens[POST /admin/tasks-garbage]" time="0.055" /><testcase classname="tests.test_security_full_audit" name="test_admin_endpoint_rejects_forged_tokens[POST /admin/tasks-wrong_secret_admin]" time="0.052" /><testcase classname="tests.test_security_full_audit" name="test_admin_endpoint_rejects_forged_tokens[POST /admin/tasks-expired_wrong_secret]" time="0.054" /><testcase classname="tests.test_security_full_audit" name="test_admin_endpoint_rejects_forged_tokens[POST /admin/tasks-tampered]" time="0.051" /><testcase classname="tests.test_security_full_audit" name="test_admin_endpoint_rejects_forged_tokens[POST /admin/tasks-none_alg]" time="0.052" /><testcase classname="tests.test_security_full_audit" name="test_admin_endpoint_rejects_forged_tokens[DELETE /admin/tasks/does-not-exist-garbage]" time="0.047" /><testcase classname="tests.test_security_full_audit" name="test_admin_endpoint_rejects_forged_tokens[DELETE /admin/tasks/does-not-exist-wrong_secret_admin]" time="0.047" /><testcase classname="tests.test_security_full_audit" name="test_admin_endpoint_rejects_forged_tokens[DELETE /admin/tasks/does-not-exist-expired_wrong_secret]" time="0.045" /><testcase classname="tests.test_security_full_audit" name="test_admin_endpoint_rejects_forged_tokens[DELETE /admin/tasks/does-not-exist-tampered]" time="0.051" /><testcase classname="tests.test_security_full_audit" name="test_admin_endpoint_rejects_forged_tokens[DELETE /admin/tasks/does-not-exist-none_alg]" time="0.051" /><testcase classname="tests.test_security_full_audit" name="test_admin_endpoint_rejects_forged_tokens[PUT /admin/tasks/does-not-exist/assign-garbage]" time="0.048" /><testcase classname="tests.test_security_full_audit" name="test_admin_endpoint_rejects_forged_tokens[PUT /admin/tasks/does-not-exist/assign-wrong_secret_admin]" time="0.049" /><testcase classname="tests.test_security_full_audit" name="test_admin_endpoint_rejects_forged_tokens[PUT /admin/tasks/does-not-exist/assign-expired_wrong_secret]" time="0.050" /><testcase classname="tests.test_security_full_audit" name="test_admin_endpoint_rejects_forged_tokens[PUT /admin/tasks/does-not-exist/assign-tampered]" time="0.051" /><testcase classname="tests.test_security_full_audit" name="test_admin_endpoint_rejects_forged_tokens[PUT /admin/tasks/does-not-exist/assign-none_alg]" time="0.048" /><testcase classname="tests.test_security_full_audit" name="test_admin_endpoint_rejects_forged_tokens[PUT /admin/tasks/does-not-exist/category-garbage]" time="0.048" /><testcase classname="tests.test_security_full_audit" name="test_admin_endpoint_rejects_forged_tokens[PUT /admin/tasks/does-not-exist/category-wrong_secret_admin]" time="0.049" /><testcase classname="tests.test_security_full_audit" name="test_admin_endpoint_rejects_forged_tokens[PUT /admin/tasks/does-not-exist/category-expired_wrong_secret]" time="0.052" /><testcase classname="tests.test_security_full_audit" name="test_admin_endpoint_rejects_forged_tokens[PUT /admin/tasks/does-not-exist/category-tampered]" time="0.049" /><testcase classname="tests.test_security_full_audit" name="test_admin_endpoint_rejects_forged_tokens[PUT /admin/tasks/does-not-exist/category-none_alg]" time="0.049" /><testcase classname="tests.test_security_full_audit" name="test_admin_endpoint_rejects_forged_tokens[PUT /admin/tasks/does-not-exist/credentials-garbage]" time="0.050" /><testcase classname="tests.test_security_full_audit" name="test_admin_endpoint_rejects_forged_tokens[PUT /admin/tasks/does-not-exist/credentials-wrong_secret_admin]" time="0.065" /><testcase classname="tests.test_security_full_audit" name="test_admin_endpoint_rejects_forged_tokens[PUT /admin/tasks/does-not-exist/credentials-expired_wrong_secret]" time="0.049" /><testcase classname="tests.test_security_full_audit" name="test_admin_endpoint_rejects_forged_tokens[PUT /admin/tasks/does-not-exist/credentials-tampered]" time="0.050" /><testcase classname="tests.test_security_full_audit" name="test_admin_endpoint_rejects_forged_tokens[PUT /admin/tasks/does-not-exist/credentials-none_alg]" time="0.054" /><testcase classname="tests.test_security_full_audit" name="test_admin_endpoint_rejects_forged_tokens[PUT /admin/tasks/does-not-exist/assign-multiple-garbage]" time="0.060" /><testcase classname="tests.test_security_full_audit" name="test_admin_endpoint_rejects_forged_tokens[PUT /admin/tasks/does-not-exist/assign-multiple-wrong_secret_admin]" time="0.072" /><testcase classname="tests.test_security_full_audit" name="test_admin_endpoint_rejects_forged_tokens[PUT /admin/tasks/does-not-exist/assign-multiple-expired_wrong_secret]" time="0.082" /><testcase classname="tests.test_security_full_audit" name="test_admin_endpoint_rejects_forged_tokens[PUT /admin/tasks/does-not-exist/assign-multiple-tampered]" time="0.049" /><testcase classname="tests.test_security_full_audit" name="test_admin_endpoint_rejects_forged_tokens[PUT /admin/tasks/does-not-exist/assign-multiple-none_alg]" time="0.049" /><testcase classname="tests.test_security_full_audit" name="test_admin_endpoint_rejects_forged_tokens[GET /admin/documents-garbage]" time="0.046" /><testcase classname="tests.test_security_full_audit" name="test_admin_endpoint_rejects_forged_tokens[GET /admin/documents-wrong_secret_admin]" time="0.052" /><testcase classname="tests.test_security_full_audit" name="test_admin_endpoint_rejects_forged_tokens[GET /admin/documents-expired_wrong_secret]" time="0.047" /><testcase classname="tests.test_security_full_audit" name="test_admin_endpoint_rejects_forged_tokens[GET /admin/documents-tampered]" time="0.050" /><testcase classname="tests.test_security_full_audit" name="test_admin_endpoint_rejects_forged_tokens[GET /admin/documents-none_alg]" time="0.058" /><testcase classname="tests.test_security_full_audit" name="test_admin_endpoint_rejects_forged_tokens[GET /admin/documents/does-not-exist/download-garbage]" time="0.048" /><testcase classname="tests.test_security_full_audit" name="test_admin_endpoint_rejects_forged_tokens[GET /admin/documents/does-not-exist/download-wrong_secret_admin]" time="0.057" /><testcase classname="tests.test_security_full_audit" name="test_admin_endpoint_rejects_forged_tokens[GET /admin/documents/does-not-exist/download-expired_wrong_secret]" time="0.050" /><testcase classname="tests.test_security_full_audit" name="test_admin_endpoint_rejects_forged_tokens[GET /admin/documents/does-not-exist/download-tampered]" time="0.049" /><testcase classname="tests.test_security_full_audit" name="test_admin_endpoint_rejects_forged_tokens[GET /admin/documents/does-not-exist/download-none_alg]" time="0.049" /><testcase classname="tests.test_security_full_audit" name="test_admin_endpoint_rejects_forged_tokens[PUT /admin/documents/does-not-exist/approve-garbage]" time="0.046" /><testcase classname="tests.test_security_full_audit" name="test_admin_endpoint_rejects_forged_tokens[PUT /admin/documents/does-not-exist/approve-wrong_secret_admin]" time="0.048" /><testcase classname="tests.test_security_full_audit" name="test_admin_endpoint_rejects_forged_tokens[PUT /admin/documents/does-not-exist/approve-expired_wrong_secret]" time="0.048" /><testcase classname="tests.test_security_full_audit" name="test_admin_endpoint_rejects_forged_tokens[PUT /admin/documents/does-not-exist/approve-tampered]" time="0.049" /><testcase classname="tests.test_security_full_audit" name="test_admin_endpoint_rejects_forged_tokens[PUT /admin/documents/does-not-exist/approve-none_alg]" time="0.048" /><testcase classname="tests.test_security_full_audit" name="test_admin_endpoint_rejects_forged_tokens[PUT /admin/documents/does-not-exist/reject-garbage]" time="0.047" /><testcase classname="tests.test_security_full_audit" name="test_admin_endpoint_rejects_forged_tokens[PUT /admin/documents/does-not-exist/reject-wrong_secret_admin]" time="0.049" /><testcase classname="tests.test_security_full_audit" name="test_admin_endpoint_rejects_forged_tokens[PUT /admin/documents/does-not-exist/reject-expired_wrong_secret]" time="0.051" /><testcase classname="tests.test_security_full_audit" name="test_admin_endpoint_rejects_forged_tokens[PUT /admin/documents/does-not-exist/reject-tampered]" time="0.050" /><testcase classname="tests.test_security_full_audit" name="test_admin_endpoint_rejects_forged_tokens[PUT /admin/documents/does-not-exist/reject-none_alg]" time="0.048" /><testcase classname="tests.test_security_full_audit" name="test_admin_endpoint_rejects_forged_tokens[DELETE /admin/documents/does-not-exist-garbage]" time="0.049" /><testcase classname="tests.test_security_full_audit" name="test_admin_endpoint_rejects_forged_tokens[DELETE /admin/documents/does-not-exist-wrong_secret_admin]" time="0.050" /><testcase classname="tests.test_security_full_audit" name="test_admin_endpoint_rejects_forged_tokens[DELETE /admin/documents/does-not-exist-expired_wrong_secret]" time="0.075" /><testcase classname="tests.test_security_full_audit" name="test_admin_endpoint_rejects_forged_tokens[DELETE /admin/documents/does-not-exist-tampered]" time="0.046" /><testcase classname="tests.test_security_full_audit" name="test_admin_endpoint_rejects_forged_tokens[DELETE /admin/documents/does-not-exist-none_alg]" time="0.046" /><testcase classname="tests.test_security_full_audit" name="test_admin_endpoint_rejects_forged_tokens[GET /applications/-garbage]" time="0.047" /><testcase classname="tests.test_security_full_audit" name="test_admin_endpoint_rejects_forged_tokens[GET /applications/-wrong_secret_admin]" time="0.049" /><testcase classname="tests.test_security_full_audit" name="test_admin_endpoint_rejects_forged_tokens[GET /applications/-expired_wrong_secret]" time="0.048" /><testcase classname="tests.test_security_full_audit" name="test_admin_endpoint_rejects_forged_tokens[GET /applications/-tampered]" time="0.068" /><testcase classname="tests.test_security_full_audit" name="test_admin_endpoint_rejects_forged_tokens[GET /applications/-none_alg]" time="0.047" /><testcase classname="tests.test_security_full_audit" name="test_admin_endpoint_rejects_forged_tokens[POST /applications/does-not-exist/accept-garbage]" time="0.046" /><testcase classname="tests.test_security_full_audit" name="test_admin_endpoint_rejects_forged_tokens[POST /applications/does-not-exist/accept-wrong_secret_admin]" time="0.051" /><testcase classname="tests.test_security_full_audit" name="test_admin_endpoint_rejects_forged_tokens[POST /applications/does-not-exist/accept-expired_wrong_secret]" time="0.048" /><testcase classname="tests.test_security_full_audit" name="test_admin_endpoint_rejects_forged_tokens[POST /applications/does-not-exist/accept-tampered]" time="0.048" /><testcase classname="tests.test_security_full_audit" name="test_admin_endpoint_rejects_forged_tokens[POST /applications/does-not-exist/accept-none_alg]" time="0.046" /><testcase classname="tests.test_security_full_audit" name="test_admin_endpoint_rejects_forged_tokens[POST /applications/does-not-exist/unlock-garbage]" time="0.048" /><testcase classname="tests.test_security_full_audit" name="test_admin_endpoint_rejects_forged_tokens[POST /applications/does-not-exist/unlock-wrong_secret_admin]" time="0.051" /><testcase classname="tests.test_security_full_audit" name="test_admin_endpoint_rejects_forged_tokens[POST /applications/does-not-exist/unlock-expired_wrong_secret]" time="0.048" /><testcase classname="tests.test_security_full_audit" name="test_admin_endpoint_rejects_forged_tokens[POST /applications/does-not-exist/unlock-tampered]" time="0.049" /><testcase classname="tests.test_security_full_audit" name="test_admin_endpoint_rejects_forged_tokens[POST /applications/does-not-exist/unlock-none_alg]" time="0.049" /><testcase classname="tests.test_security_full_audit" name="test_admin_endpoint_rejects_forged_tokens[PUT /applications/does-not-exist/contract-type-garbage]" time="0.050" /><testcase classname="tests.test_security_full_audit" name="test_admin_endpoint_rejects_forged_tokens[PUT /applications/does-not-exist/contract-type-wrong_secret_admin]" time="0.049" /><testcase classname="tests.test_security_full_audit" name="test_admin_endpoint_rejects_forged_tokens[PUT /applications/does-not-exist/contract-type-expired_wrong_secret]" time="0.053" /><testcase classname="tests.test_security_full_audit" name="test_admin_endpoint_rejects_forged_tokens[PUT /applications/does-not-exist/contract-type-tampered]" time="0.050" /><testcase classname="tests.test_security_full_audit" name="test_admin_endpoint_rejects_forged_tokens[PUT /applications/does-not-exist/contract-type-none_alg]" time="0.067" /><testcase classname="tests.test_security_full_audit" name="test_admin_endpoint_rejects_forged_tokens[DELETE /applications/does-not-exist-garbage]" time="0.050" /><testcase classname="tests.test_security_full_audit" name="test_admin_endpoint_rejects_forged_tokens[DELETE /applications/does-not-exist-wrong_secret_admin]" time="0.048" /><testcase classname="tests.test_security_full_audit" name="test_admin_endpoint_rejects_forged_tokens[DELETE /applications/does-not-exist-expired_wrong_secret]" time="0.050" /><testcase classname="tests.test_security_full_audit" name="test_admin_endpoint_rejects_forged_tokens[DELETE /applications/does-not-exist-tampered]" time="0.048" /><testcase classname="tests.test_security_full_audit" name="test_admin_endpoint_rejects_forged_tokens[DELETE /applications/does-not-exist-none_alg]" time="0.054" /><testcase classname="tests.test_security_full_audit" name="test_admin_endpoint_rejects_forged_tokens[GET /applications/verification/does-not-exist/front-garbage]" time="0.049" /><testcase classname="tests.test_security_full_audit" name="test_admin_endpoint_rejects_forged_tokens[GET /applications/verification/does-not-exist/front-wrong_secret_admin]" time="0.056" /><testcase classname="tests.test_security_full_audit" name="test_admin_endpoint_rejects_forged_tokens[GET /applications/verification/does-not-exist/front-expired_wrong_secret]" time="0.061" /><testcase classname="tests.test_security_full_audit" name="test_admin_endpoint_rejects_forged_tokens[GET /applications/verification/does-not-exist/front-tampered]" time="0.049" /><testcase classname="tests.test_security_full_audit" name="test_admin_endpoint_rejects_forged_tokens[GET /applications/verification/does-not-exist/front-none_alg]" time="0.052" /><testcase classname="tests.test_security_full_audit" name="test_admin_endpoint_rejects_forged_tokens[DELETE /applications/verification/does-not-exist-garbage]" time="0.051" /><testcase classname="tests.test_security_full_audit" name="test_admin_endpoint_rejects_forged_tokens[DELETE /applications/verification/does-not-exist-wrong_secret_admin]" time="0.049" /><testcase classname="tests.test_security_full_audit" name="test_admin_endpoint_rejects_forged_tokens[DELETE /applications/verification/does-not-exist-expired_wrong_secret]" time="0.053" /><testcase classname="tests.test_security_full_audit" name="test_admin_endpoint_rejects_forged_tokens[DELETE /applications/verification/does-not-exist-tampered]" time="0.052" /><testcase classname="tests.test_security_full_audit" name="test_admin_endpoint_rejects_forged_tokens[DELETE /applications/verification/does-not-exist-none_alg]" time="0.049" /><testcase classname="tests.test_security_full_audit" name="test_admin_endpoint_rejects_forged_tokens[GET /applications/contract-templates-garbage]" time="0.048" /><testcase classname="tests.test_security_full_audit" name="test_admin_endpoint_rejects_forged_tokens[GET /applications/contract-templates-wrong_secret_admin]" time="0.057" /><testcase classname="tests.test_security_full_audit" name="test_admin_endpoint_rejects_forged_tokens[GET /applications/contract-templates-expired_wrong_secret]" time="0.052" /><testcase classname="tests.test_security_full_audit" name="test_admin_endpoint_rejects_forged_tokens[GET /applications/contract-templates-tampered]" time="0.055" /><testcase classname="tests.test_security_full_audit" name="test_admin_endpoint_rejects_forged_tokens[GET /applications/contract-templates-none_alg]" time="0.048" /><testcase classname="tests.test_security_full_audit" name="test_admin_endpoint_rejects_forged_tokens[PUT /applications/contract-templates/vollzeit-garbage]" time="0.051" /><testcase classname="tests.test_security_full_audit" name="test_admin_endpoint_rejects_forged_tokens[PUT /applications/contract-templates/vollzeit-wrong_secret_admin]" time="0.050" /><testcase classname="tests.test_security_full_audit" name="test_admin_endpoint_rejects_forged_tokens[PUT /applications/contract-templates/vollzeit-expired_wrong_secret]" time="0.047" /><testcase classname="tests.test_security_full_audit" name="test_admin_endpoint_rejects_forged_tokens[PUT /applications/contract-templates/vollzeit-tampered]" time="0.049" /><testcase classname="tests.test_security_full_audit" name="test_admin_endpoint_rejects_forged_tokens[PUT /applications/contract-templates/vollzeit-none_alg]" time="0.062" /><testcase classname="tests.test_security_full_audit" name="test_admin_endpoint_rejects_forged_tokens[GET /email-inbox/accounts-garbage]" time="0.051" /><testcase classname="tests.test_security_full_audit" name="test_admin_endpoint_rejects_forged_tokens[GET /email-inbox/accounts-wrong_secret_admin]" time="0.052" /><testcase classname="tests.test_security_full_audit" name="test_admin_endpoint_rejects_forged_tokens[GET /email-inbox/accounts-expired_wrong_secret]" time="0.053" /><testcase classname="tests.test_security_full_audit" name="test_admin_endpoint_rejects_forged_tokens[GET /email-inbox/accounts-tampered]" time="0.050" /><testcase classname="tests.test_security_full_audit" name="test_admin_endpoint_rejects_forged_tokens[GET /email-inbox/accounts-none_alg]" time="0.049" /><testcase classname="tests.test_security_full_audit" name="test_admin_endpoint_rejects_forged_tokens[POST /email-inbox/accounts-garbage]" time="0.054" /><testcase classname="tests.test_security_full_audit" name="test_admin_endpoint_rejects_forged_tokens[POST /email-inbox/accounts-wrong_secret_admin]" time="0.082" /><testcase classname="tests.test_security_full_audit" name="test_admin_endpoint_rejects_forged_tokens[POST /email-inbox/accounts-expired_wrong_secret]" time="0.047" /><testcase classname="tests.test_security_full_audit" name="test_admin_endpoint_rejects_forged_tokens[POST /email-inbox/accounts-tampered]" time="0.050" /><testcase classname="tests.test_security_full_audit" name="test_admin_endpoint_rejects_forged_tokens[POST /email-inbox/accounts-none_alg]" time="0.048" /><testcase classname="tests.test_security_full_audit" name="test_admin_endpoint_rejects_forged_tokens[DELETE /email-inbox/accounts/does-not-exist-garbage]" time="0.049" /><testcase classname="tests.test_security_full_audit" name="test_admin_endpoint_rejects_forged_tokens[DELETE /email-inbox/accounts/does-not-exist-wrong_secret_admin]" time="0.049" /><testcase classname="tests.test_security_full_audit" name="test_admin_endpoint_rejects_forged_tokens[DELETE /email-inbox/accounts/does-not-exist-expired_wrong_secret]" time="0.048" /><testcase classname="tests.test_security_full_audit" name="test_admin_endpoint_rejects_forged_tokens[DELETE /email-inbox/accounts/does-not-exist-tampered]" time="0.051" /><testcase classname="tests.test_security_full_audit" name="test_admin_endpoint_rejects_forged_tokens[DELETE /email-inbox/accounts/does-not-exist-none_alg]" time="0.048" /><testcase classname="tests.test_security_full_audit" name="test_admin_endpoint_rejects_forged_tokens[POST /email-inbox/assign-garbage]" time="0.050" /><testcase classname="tests.test_security_full_audit" name="test_admin_endpoint_rejects_forged_tokens[POST /email-inbox/assign-wrong_secret_admin]" time="0.051" /><testcase classname="tests.test_security_full_audit" name="test_admin_endpoint_rejects_forged_tokens[POST /email-inbox/assign-expired_wrong_secret]" time="0.048" /><testcase classname="tests.test_security_full_audit" name="test_admin_endpoint_rejects_forged_tokens[POST /email-inbox/assign-tampered]" time="0.049" /><testcase classname="tests.test_security_full_audit" name="test_admin_endpoint_rejects_forged_tokens[POST /email-inbox/assign-none_alg]" time="0.052" /><testcase classname="tests.test_security_full_audit" name="test_admin_endpoint_rejects_forged_tokens[POST /email-inbox/unassign/does-not-exist-garbage]" time="0.049" /><testcase classname="tests.test_security_full_audit" name="test_admin_endpoint_rejects_forged_tokens[POST /email-inbox/unassign/does-not-exist-wrong_secret_admin]" time="0.048" /><testcase classname="tests.test_security_full_audit" name="test_admin_endpoint_rejects_forged_tokens[POST /email-inbox/unassign/does-not-exist-expired_wrong_secret]" time="0.048" /><testcase classname="tests.test_security_full_audit" name="test_admin_endpoint_rejects_forged_tokens[POST /email-inbox/unassign/does-not-exist-tampered]" time="0.048" /><testcase classname="tests.test_security_full_audit" name="test_admin_endpoint_rejects_forged_tokens[POST /email-inbox/unassign/does-not-exist-none_alg]" time="0.052" /><testcase classname="tests.test_security_full_audit" name="test_admin_endpoint_rejects_forged_tokens[GET /email-inbox/stats-garbage]" time="0.061" /><testcase classname="tests.test_security_full_audit" name="test_admin_endpoint_rejects_forged_tokens[GET /email-inbox/stats-wrong_secret_admin]" time="0.048" /><testcase classname="tests.test_security_full_audit" name="test_admin_endpoint_rejects_forged_tokens[GET /email-inbox/stats-expired_wrong_secret]" time="0.047" /><testcase classname="tests.test_security_full_audit" name="test_admin_endpoint_rejects_forged_tokens[GET /email-inbox/stats-tampered]" time="0.046" /><testcase classname="tests.test_security_full_audit" name="test_admin_endpoint_rejects_forged_tokens[GET /email-inbox/stats-none_alg]" time="0.047" /><testcase classname="tests.test_security_full_audit" name="test_admin_endpoint_rejects_forged_tokens[GET /email-inbox/test/does-not-exist-garbage]" time="0.047" /><testcase classname="tests.test_security_full_audit" name="test_admin_endpoint_rejects_forged_tokens[GET /email-inbox/test/does-not-exist-wrong_secret_admin]" time="0.047" /><testcase classname="tests.test_security_full_audit" name="test_admin_endpoint_rejects_forged_tokens[GET /email-inbox/test/does-not-exist-expired_wrong_secret]" time="0.048" /><testcase classname="tests.test_security_full_audit" name="test_admin_endpoint_rejects_forged_tokens[GET /email-inbox/test/does-not-exist-tampered]" time="0.049" /><testcase classname="tests.test_security_full_audit" name="test_admin_endpoint_rejects_forged_tokens[GET /email-inbox/test/does-not-exist-none_alg]" time="0.049" /><testcase classname="tests.test_security_full_audit" name="test_admin_endpoint_rejects_forged_tokens[GET /anosim/numbers-garbage]" time="0.047" /><testcase classname="tests.test_security_full_audit" name="test_admin_endpoint_rejects_forged_tokens[GET /anosim/numbers-wrong_secret_admin]" time="0.048" /><testcase classname="tests.test_security_full_audit" name="test_admin_endpoint_rejects_forged_tokens[GET /anosim/numbers-expired_wrong_secret]" time="0.045" /><testcase classname="tests.test_security_full_audit" name="test_admin_endpoint_rejects_forged_tokens[GET /anosim/numbers-tampered]" time="0.046" /><testcase classname="tests.test_security_full_audit" name="test_admin_endpoint_rejects_forged_tokens[GET /anosim/numbers-none_alg]" time="0.051" /><testcase classname="tests.test_security_full_audit" name="test_admin_endpoint_rejects_forged_tokens[POST /anosim/assign-garbage]" time="0.049" /><testcase classname="tests.test_security_full_audit" name="test_admin_endpoint_rejects_forged_tokens[POST /anosim/assign-wrong_secret_admin]" time="0.052" /><testcase classname="tests.test_security_full_audit" name="test_admin_endpoint_rejects_forged_tokens[POST /anosim/assign-expired_wrong_secret]" time="0.053" /><testcase classname="tests.test_security_full_audit" name="test_admin_endpoint_rejects_forged_tokens[POST /anosim/assign-tampered]" time="0.050" /><testcase classname="tests.test_security_full_audit" name="test_admin_endpoint_rejects_forged_tokens[POST /anosim/assign-none_alg]" time="0.053" /><testcase classname="tests.test_security_full_audit" name="test_admin_endpoint_rejects_forged_tokens[POST /anosim/unassign-garbage]" time="0.049" /><testcase classname="tests.test_security_full_audit" name="test_admin_endpoint_rejects_forged_tokens[POST /anosim/unassign-wrong_secret_admin]" time="0.050" /><testcase classname="tests.test_security_full_audit" name="test_admin_endpoint_rejects_forged_tokens[POST /anosim/unassign-expired_wrong_secret]" time="0.051" /><testcase classname="tests.test_security_full_audit" name="test_admin_endpoint_rejects_forged_tokens[POST /anosim/unassign-tampered]" time="0.072" /><testcase classname="tests.test_security_full_audit" name="test_admin_endpoint_rejects_forged_tokens[POST /anosim/unassign-none_alg]" time="0.052" /><testcase classname="tests.test_security_full_audit" name="test_admin_endpoint_rejects_forged_tokens[GET /anosim/assignments-garbage]" time="0.048" /><testcase classname="tests.test_security_full_audit" name="test_admin_endpoint_rejects_forged_tokens[GET /anosim/assignments-wrong_secret_admin]" time="0.048" /><testcase classname="tests.test_security_full_audit" name="test_admin_endpoint_rejects_forged_tokens[GET /anosim/assignments-expired_wrong_secret]" time="0.049" /><testcase classname="tests.test_security_full_audit" name="test_admin_endpoint_rejects_forged_tokens[GET /anosim/assignments-tampered]" time="0.058" /><testcase classname="tests.test_security_full_audit" name="test_admin_endpoint_rejects_forged_tokens[GET /anosim/assignments-none_alg]" time="0.051" /><testcase classname="tests.test_security_full_audit" name="test_admin_endpoint_rejects_forged_tokens[POST /test-sessions/create-garbage]" time="0.050" /><testcase classname="tests.test_security_full_audit" name="test_admin_endpoint_rejects_forged_tokens[POST /test-sessions/create-wrong_secret_admin]" time="0.049" /><testcase classname="tests.test_security_full_audit" name="test_admin_endpoint_rejects_forged_tokens[POST /test-sessions/create-expired_wrong_secret]" time="0.052" /><testcase classname="tests.test_security_full_audit" name="test_admin_endpoint_rejects_forged_tokens[POST /test-sessions/create-tampered]" time="0.047" /><testcase classname="tests.test_security_full_audit" name="test_admin_endpoint_rejects_forged_tokens[POST /test-sessions/create-none_alg]" time="0.050" /><testcase classname="tests.test_security_full_audit" name="test_admin_endpoint_rejects_forged_tokens[GET /test-sessions/-garbage]" time="0.051" /><testcase classname="tests.test_security_full_audit" name="test_admin_endpoint_rejects_forged_tokens[GET /test-sessions/-wrong_secret_admin]" time="0.047" /><testcase classname="tests.test_security_full_audit" name="test_admin_endpoint_rejects_forged_tokens[GET /test-sessions/-expired_wrong_secret]" time="0.047" /><testcase classname="tests.test_security_full_audit" name="test_admin_endpoint_rejects_forged_tokens[GET /test-sessions/-tampered]" time="0.050" /><testcase classname="tests.test_security_full_audit" name="test_admin_endpoint_rejects_forged_tokens[GET /test-sessions/-none_alg]" time="0.058" /><testcase classname="tests.test_security_full_audit" name="test_admin_endpoint_rejects_forged_tokens[DELETE /test-sessions/does-not-exist-garbage]" time="0.057" /><testcase classname="tests.test_security_full_audit" name="test_admin_endpoint_rejects_forged_tokens[DELETE /test-sessions/does-not-exist-wrong_secret_admin]" time="0.053" /><testcase classname="tests.test_security_full_audit" name="test_admin_endpoint_rejects_forged_tokens[DELETE /test-sessions/does-not-exist-expired_wrong_secret]" time="0.048" /><testcase classname="tests.test_security_full_audit" name="test_admin_endpoint_rejects_forged_tokens[DELETE /test-sessions/does-not-exist-tampered]" time="0.049" /><testcase classname="tests.test_security_full_audit" name="test_admin_endpoint_rejects_forged_tokens[DELETE /test-sessions/does-not-exist-none_alg]" time="0.047" /><testcase classname="tests.test_security_full_audit" name="test_admin_endpoint_rejects_forged_tokens[POST /referrals/-garbage]" time="0.050" /><testcase classname="tests.test_security_full_audit" name="test_admin_endpoint_rejects_forged_tokens[POST /referrals/-wrong_secret_admin]" time="0.050" /><testcase classname="tests.test_security_full_audit" name="test_admin_endpoint_rejects_forged_tokens[POST /referrals/-expired_wrong_secret]" time="0.048" /><testcase classname="tests.test_security_full_audit" name="test_admin_endpoint_rejects_forged_tokens[POST /referrals/-tampered]" time="0.048" /><testcase classname="tests.test_security_full_audit" name="test_admin_endpoint_rejects_forged_tokens[POST /referrals/-none_alg]" time="0.045" /><testcase classname="tests.test_security_full_audit" name="test_admin_endpoint_rejects_forged_tokens[GET /referrals/-garbage]" time="0.057" /><testcase classname="tests.test_security_full_audit" name="test_admin_endpoint_rejects_forged_tokens[GET /referrals/-wrong_secret_admin]" time="0.048" /><testcase classname="tests.test_security_full_audit" name="test_admin_endpoint_rejects_forged_tokens[GET /referrals/-expired_wrong_secret]" time="0.048" /><testcase classname="tests.test_security_full_audit" name="test_admin_endpoint_rejects_forged_tokens[GET /referrals/-tampered]" time="0.049" /><testcase classname="tests.test_security_full_audit" name="test_admin_endpoint_rejects_forged_tokens[GET /referrals/-none_alg]" time="0.051" /><testcase classname="tests.test_security_full_audit" name="test_admin_endpoint_rejects_forged_tokens[DELETE /referrals/does-not-exist-garbage]" time="0.052" /><testcase classname="tests.test_security_full_audit" name="test_admin_endpoint_rejects_forged_tokens[DELETE /referrals/does-not-exist-wrong_secret_admin]" time="0.059" /><testcase classname="tests.test_security_full_audit" name="test_admin_endpoint_rejects_forged_tokens[DELETE /referrals/does-not-exist-expired_wrong_secret]" time="0.049" /><testcase classname="tests.test_security_full_audit" name="test_admin_endpoint_rejects_forged_tokens[DELETE /referrals/does-not-exist-tampered]" time="0.049" /><testcase classname="tests.test_security_full_audit" name="test_admin_endpoint_rejects_forged_tokens[DELETE /referrals/does-not-exist-none_alg]" time="0.048" /><testcase classname="tests.test_security_full_audit" name="test_admin_endpoint_rejects_forged_tokens[PATCH /referrals/does-not-exist/toggle-garbage]" time="0.054" /><testcase classname="tests.test_security_full_audit" name="test_admin_endpoint_rejects_forged_tokens[PATCH /referrals/does-not-exist/toggle-wrong_secret_admin]" time="0.049" /><testcase classname="tests.test_security_full_audit" name="test_admin_endpoint_rejects_forged_tokens[PATCH /referrals/does-not-exist/toggle-expired_wrong_secret]" time="0.048" /><testcase classname="tests.test_security_full_audit" name="test_admin_endpoint_rejects_forged_tokens[PATCH /referrals/does-not-exist/toggle-tampered]" time="0.047" /><testcase classname="tests.test_security_full_audit" name="test_admin_endpoint_rejects_forged_tokens[PATCH /referrals/does-not-exist/toggle-none_alg]" time="0.050" /><testcase classname="tests.test_security_full_audit" name="test_admin_endpoint_rejects_forged_tokens[GET /quiz/admin/does-not-exist-garbage]" time="0.048" /><testcase classname="tests.test_security_full_audit" name="test_admin_endpoint_rejects_forged_tokens[GET /quiz/admin/does-not-exist-wrong_secret_admin]" time="0.048" /><testcase classname="tests.test_security_full_audit" name="test_admin_endpoint_rejects_forged_tokens[GET /quiz/admin/does-not-exist-expired_wrong_secret]" time="0.049" /><testcase classname="tests.test_security_full_audit" name="test_admin_endpoint_rejects_forged_tokens[GET /quiz/admin/does-not-exist-tampered]" time="0.073" /><testcase classname="tests.test_security_full_audit" name="test_admin_endpoint_rejects_forged_tokens[GET /quiz/admin/does-not-exist-none_alg]" time="0.054" /><testcase classname="tests.test_security_full_audit" name="test_admin_endpoint_rejects_forged_tokens[POST /quiz/admin/does-not-exist/approve-garbage]" time="0.049" /><testcase classname="tests.test_security_full_audit" name="test_admin_endpoint_rejects_forged_tokens[POST /quiz/admin/does-not-exist/approve-wrong_secret_admin]" time="0.051" /><testcase classname="tests.test_security_full_audit" name="test_admin_endpoint_rejects_forged_tokens[POST /quiz/admin/does-not-exist/approve-expired_wrong_secret]" time="0.046" /><testcase classname="tests.test_security_full_audit" name="test_admin_endpoint_rejects_forged_tokens[POST /quiz/admin/does-not-exist/approve-tampered]" time="0.048" /><testcase classname="tests.test_security_full_audit" name="test_admin_endpoint_rejects_forged_tokens[POST /quiz/admin/does-not-exist/approve-none_alg]" time="0.053" /><testcase classname="tests.test_security_full_audit" name="test_admin_endpoint_rejects_forged_tokens[GET /contracts/-garbage]" time="0.049" /><testcase classname="tests.test_security_full_audit" name="test_admin_endpoint_rejects_forged_tokens[GET /contracts/-wrong_secret_admin]" time="0.047" /><testcase classname="tests.test_security_full_audit" name="test_admin_endpoint_rejects_forged_tokens[GET /contracts/-expired_wrong_secret]" time="0.049" /><testcase classname="tests.test_security_full_audit" name="test_admin_endpoint_rejects_forged_tokens[GET /contracts/-tampered]" time="0.059" /><testcase classname="tests.test_security_full_audit" name="test_admin_endpoint_rejects_forged_tokens[GET /contracts/-none_alg]" time="0.049" /><testcase classname="tests.test_security_full_audit" name="test_admin_endpoint_rejects_forged_tokens[POST /contracts/create-garbage]" time="0.052" /><testcase classname="tests.test_security_full_audit" name="test_admin_endpoint_rejects_forged_tokens[POST /contracts/create-wrong_secret_admin]" time="0.047" /><testcase classname="tests.test_security_full_audit" name="test_admin_endpoint_rejects_forged_tokens[POST /contracts/create-expired_wrong_secret]" time="0.048" /><testcase classname="tests.test_security_full_audit" name="test_admin_endpoint_rejects_forged_tokens[POST /contracts/create-tampered]" time="0.049" /><testcase classname="tests.test_security_full_audit" name="test_admin_endpoint_rejects_forged_tokens[POST /contracts/create-none_alg]" time="0.047" /><testcase classname="tests.test_security_full_audit" name="test_admin_verify_with_employee_token_shows_non_admin_role" time="0.050" /><testcase classname="tests.test_security_full_audit" name="test_admin_verify_rejects_forged" time="0.047" /><testcase classname="tests.test_security_full_audit" name="test_idor_contract_read_cross_user" time="1.797" /><testcase classname="tests.test_security_full_audit" name="test_idor_contract_download_cross_user" time="0.053" /><testcase classname="tests.test_security_full_audit" name="test_idor_contract_sign_cross_user" time="0.054" /><testcase classname="tests.test_security_full_audit" name="test_owner_can_read_own_contract" time="0.057" /><testcase classname="tests.test_security_full_audit" name="test_my_contracts_scoped_to_caller" time="0.060" /><testcase classname="tests.test_security_full_audit" name="test_employee_document_download_via_contract_prefix_is_owner_scoped" time="0.129" /><testcase classname="tests.test_security_full_audit" name="test_employee_documents_list_scoped" time="0.057" /><testcase classname="tests.test_security_full_audit" name="test_employee_document_cross_user_download_delete_denied" time="0.274" /><testcase classname="tests.test_security_full_audit" name="test_no_password_hash_leaked_in_responses" time="0.309" /><testcase classname="tests.test_security_full_audit" name="test_chat_messages_only_own_conversation" time="0.064" /><testcase classname="tests.test_security_full_audit" name="test_applications_status_is_own_data" time="0.055" /><testcase classname="tests.test_security_full_audit" name="test_applications_status_requires_token" time="0.049" /><testcase classname="tests.test_security_full_audit" name="test_my_contract_scoped" time="0.060" /><testcase classname="tests.test_security_full_audit" name="test_download_contract_query_token_rejects_forged" time="0.059" /><testcase classname="tests.test_security_full_audit" name="test_jwt_rejected_on_employee_endpoints[garbage]" time="0.429" /><testcase classname="tests.test_security_full_audit" name="test_jwt_rejected_on_employee_endpoints[wrong_secret_admin]" time="0.412" /><testcase classname="tests.test_security_full_audit" name="test_jwt_rejected_on_employee_endpoints[expired_wrong_secret]" time="0.518" /><testcase classname="tests.test_security_full_audit" name="test_jwt_rejected_on_employee_endpoints[tampered]" time="0.420" /><testcase classname="tests.test_security_full_audit" name="test_jwt_rejected_on_employee_endpoints[none_alg]" time="0.413" /><testcase classname="tests.test_security_full_audit" name="test_expired_valid_secret_token_rejected" time="0.052" /><testcase classname="tests.test_security_full_audit" name="test_role_escalation_needs_valid_signature" time="0.051" /><testcase classname="tests.test_security_full_audit" name="test_nosql_injection_admin_login" time="0.095" /><testcase classname="tests.test_security_full_audit" name="test_nosql_injection_applicant_login" time="0.051" /><testcase classname="tests.test_security_full_audit" name="test_nosql_injection_applicant_login_regex" time="0.052" /><testcase classname="tests.test_security_full_audit" name="test_path_traversal_chat_image" time="0.049" /><testcase classname="tests.test_security_full_audit" name="test_public_test_session_invalid_token" time="0.059" /><testcase classname="tests.test_security_full_audit" name="test_public_test_session_data_invalid_token" time="0.068" /><testcase classname="tests.test_security_full_audit" name="test_referral_tracking_public_minimal" time="0.058" /><testcase classname="tests.test_security_full_audit" name="test_public_test_session_lifecycle_and_field_scope" time="0.213" /><testcase classname="tests.test_security_full_audit" name="test_telegram_webhook_endpoint_is_removed" time="0.050" /><testcase classname="tests.test_security_full_audit" name="test_owner_can_download_own_contract_via_employee_route" time="0.057" /><testcase classname="tests.test_security_full_audit" name="test_admin_can_download_contract_via_employee_route" time="0.056" /><testcase classname="tests.test_security_full_audit" name="test_contract_download_via_employee_route_requires_auth" time="0.049" /><testcase classname="tests.test_security_full_audit" name="test_contract_download_via_employee_route_rejects_forged[garbage]" time="0.049" /><testcase classname="tests.test_security_full_audit" name="test_contract_download_via_employee_route_rejects_forged[wrong_secret_admin]" time="0.262" /><testcase classname="tests.test_security_full_audit" name="test_contract_download_via_employee_route_rejects_forged[expired_wrong_secret]" time="0.058" /><testcase classname="tests.test_security_full_audit" name="test_contract_download_via_employee_route_rejects_forged[tampered]" time="0.053" /><testcase classname="tests.test_security_full_audit" name="test_contract_download_via_employee_route_rejects_forged[none_alg]" time="0.050" /><testcase classname="tests.test_security_full_audit" name="test_applicant_login_injection_returns_422" time="0.050" /><testcase classname="tests.test_security_full_audit" name="test_applicant_login_valid_credentials_still_work" time="0.384" /><testcase classname="tests.test_security_full_audit" name="test_applicant_login_wrong_password_401" time="0.373" /><testcase classname="tests.test_security_full_audit" name="test_applicant_login_malformed_bodies_are_422[body0]" time="0.093" /><testcase classname="tests.test_security_full_audit" name="test_applicant_login_malformed_bodies_are_422[body1]" time="0.056" /><testcase classname="tests.test_security_full_audit" name="test_applicant_login_malformed_bodies_are_422[body2]" time="0.060" /><testcase classname="tests.test_security_full_audit" name="test_applicant_login_malformed_bodies_are_422[body3]" time="0.048" /><testcase classname="tests.test_security_full_audit" name="test_applicant_login_malformed_bodies_are_422[body4]" time="0.049" /><testcase classname="tests.test_security_full_audit" name="test_applicant_login_malformed_bodies_are_422[body5]" time="0.048" /><testcase classname="tests.test_security_full_audit" name="test_session_token_entropy_and_full_public_lifecycle" time="0.435" /><testcase classname="tests.test_security_full_audit" name="test_session_tokens_are_unique" time="0.335" /><testcase classname="tests.test_security_full_audit" name="test_telegram_webhook_unreachable_with_any_headers[headers0]" time="0.059" /><testcase classname="tests.test_security_full_audit" name="test_telegram_webhook_unreachable_with_any_headers[headers1]" time="0.049" /><testcase classname="tests.test_security_full_audit" name="test_telegram_webhook_unreachable_with_any_headers[headers2]" time="0.046" /><testcase classname="tests.test_security_full_audit" name="test_telegram_webhook_other_methods_unreachable[get]" time="0.051" /><testcase classname="tests.test_security_full_audit" name="test_telegram_webhook_other_methods_unreachable[put]" time="0.048" /><testcase classname="tests.test_security_full_audit" name="test_telegram_webhook_other_methods_unreachable[delete]" time="0.052" /><testcase classname="tests.test_security_full_audit" name="test_telegram_webhook_other_methods_unreachable[patch]" time="0.050" /><testcase classname="tests.test_security_reverify_extra" name="test_admin_untyped_dict_bodies_no_500[/admin/tasks/does-not-exist/category-body0]" time="0.624" /><testcase classname="tests.test_security_reverify_extra" name="test_admin_untyped_dict_bodies_no_500[/admin/tasks/does-not-exist/category-body1]" time="0.070" /><testcase classname="tests.test_security_reverify_extra" name="test_admin_untyped_dict_bodies_no_500[/admin/tasks/does-not-exist/credentials-body2]" time="0.070" /><testcase classname="tests.test_security_reverify_extra" name="test_admin_untyped_dict_bodies_no_500[/admin/tasks/does-not-exist/credentials-body3]" time="0.071" /><testcase classname="tests.test_security_reverify_extra" name="test_admin_untyped_dict_bodies_no_500[/admin/tasks/does-not-exist/assign-body4]" time="0.075" /><testcase classname="tests.test_security_reverify_extra" name="test_admin_untyped_dict_bodies_no_500[/admin/tasks/does-not-exist/assign-body5]" time="0.071" /><testcase classname="tests.test_security_reverify_extra" name="test_sign_contract_untyped_body_no_500[body0]" time="0.791" /><testcase classname="tests.test_security_reverify_extra" name="test_sign_contract_untyped_body_no_500[body1]" time="0.073" /><testcase classname="tests.test_security_reverify_extra" name="test_sign_contract_untyped_body_no_500[body2]" time="0.075" /><testcase classname="tests.test_security_reverify_extra" name="test_sign_contract_untyped_body_no_500[body3]" time="0.070" /><testcase classname="tests.test_security_reverify_extra" name="test_contract_template_untyped_body_no_500[body0]" time="0.075" /><testcase classname="tests.test_security_reverify_extra" name="test_contract_template_untyped_body_no_500[body1]" time="0.075" /><testcase classname="tests.test_security_reverify_extra" name="test_contract_template_untyped_body_no_500[body2]" time="0.073" /><testcase classname="tests.test_security_reverify_extra" name="test_applicant_login_malformed_json_no_500[{&quot;email&quot;: &quot;a@b.de&quot;, &quot;password&quot;: &quot;x&quot;]" time="0.069" /><testcase classname="tests.test_security_reverify_extra" name="test_applicant_login_malformed_json_no_500[not json at all]" time="0.074" /><testcase classname="tests.test_security_reverify_extra" name="test_applicant_login_case_and_operator_in_email_string" time="0.075" /><testcase classname="tests.test_security_reverify_extra" name="test_employee_document_download_nonexistent_contract" time="0.085" /><testcase classname="tests.test_security_reverify_extra" name="test_telegram_webhook_removed_and_no_subscriber_side_effect" time="0.334" /><testcase classname="tests.test_security_reverify_extra" name="test_test_session_public_endpoints_reject_admin_paths" time="1.204" /></testsuite></testsuites>