<?xml version="1.0" encoding="utf-8"?><testsuites name="pytest tests"><testsuite name="pytest" errors="0" failures="0" skipped="0" tests="23" time="3.593" timestamp="2026-08-22T13:27:34.677480+00:00" hostname="agent-env-b0465605-71fd-44d6-933a-77e1d80546a0"><testcase classname="tests.test_security_auth_remediation" name="test_bogus_token_rejected_admin_get[/applications/]" time="0.258" /><testcase classname="tests.test_security_auth_remediation" name="test_bogus_token_rejected_admin_get[/contracts/]" time="0.079" /><testcase classname="tests.test_security_auth_remediation" name="test_bogus_token_rejected_accept" time="0.567" /><testcase classname="tests.test_security_auth_remediation" name="test_bogus_token_rejected_unlock" time="0.076" /><testcase classname="tests.test_security_auth_remediation" name="test_bogus_token_rejected_contract_type" time="0.073" /><testcase classname="tests.test_security_auth_remediation" name="test_bogus_token_rejected_delete_application" time="0.073" /><testcase classname="tests.test_security_auth_remediation" name="test_bogus_token_rejected_delete_verification" time="0.073" /><testcase classname="tests.test_security_auth_remediation" name="test_bogus_token_rejected_verification_image" time="0.073" /><testcase classname="tests.test_security_auth_remediation" name="test_bogus_token_rejected_contract_create" time="0.075" /><testcase classname="tests.test_security_auth_remediation" name="test_bogus_token_rejected_contract_get" time="0.074" /><testcase classname="tests.test_security_auth_remediation" name="test_bogus_token_rejected_contract_download" time="0.073" /><testcase classname="tests.test_security_auth_remediation" name="test_bogus_token_rejected_contract_sign" time="0.073" /><testcase classname="tests.test_security_auth_remediation" name="test_old_secret_token_rejected_on_list_applications" time="0.075" /><testcase classname="tests.test_security_auth_remediation" name="test_old_secret_token_rejected_on_delete_application" time="0.078" /><testcase classname="tests.test_security_auth_remediation" name="test_applicant_token_forbidden_list_applications" time="0.799" /><testcase classname="tests.test_security_auth_remediation" name="test_applicant_token_forbidden_accept" time="0.064" /><testcase classname="tests.test_security_auth_remediation" name="test_applicant_token_forbidden_contracts_list" time="0.071" /><testcase classname="tests.test_security_auth_remediation" name="test_admin_can_list_applications" time="0.081" /><testcase classname="tests.test_security_auth_remediation" name="test_admin_can_list_contracts" time="0.081" /><testcase classname="tests.test_security_auth_remediation" name="test_applicant_can_get_status" time="0.077" /><testcase classname="tests.test_security_auth_remediation" name="test_applicant_can_get_my_contract" time="0.077" /><testcase classname="tests.test_security_auth_remediation" name="test_bola_applicant_cannot_read_other_contract" time="0.256" /><testcase classname="tests.test_security_auth_remediation" name="test_zzz_cleanup_test_applicant" time="0.084" /></testsuite></testsuites>