<?xml version="1.0" encoding="utf-8"?><testsuites name="pytest tests"><testsuite name="pytest" errors="0" failures="0" skipped="0" tests="2" time="1.246" timestamp="2026-08-22T13:14:10.208424+00:00" hostname="agent-env-b0465605-71fd-44d6-933a-77e1d80546a0"><testcase classname="tests.test_security_bruteforce" name="test_admin_login_locks_out_after_five_failures" time="0.617" /><testcase classname="tests.test_security_bruteforce" name="test_locked_identifier_stays_locked" time="0.506" /></testsuite></testsuites>