<?xml version="1.0" encoding="utf-8"?><testsuites name="pytest tests"><testsuite name="pytest" errors="0" failures="0" skipped="0" tests="19" time="2.879" timestamp="2026-08-22T13:15:05.178720+00:00" hostname="agent-env-b0465605-71fd-44d6-933a-77e1d80546a0"><testcase classname="tests.test_security_reverify_extra" name="test_admin_untyped_dict_bodies_no_500[/admin/tasks/does-not-exist/category-body0]" time="0.646" /><testcase classname="tests.test_security_reverify_extra" name="test_admin_untyped_dict_bodies_no_500[/admin/tasks/does-not-exist/category-body1]" time="0.056" /><testcase classname="tests.test_security_reverify_extra" name="test_admin_untyped_dict_bodies_no_500[/admin/tasks/does-not-exist/credentials-body2]" time="0.059" /><testcase classname="tests.test_security_reverify_extra" name="test_admin_untyped_dict_bodies_no_500[/admin/tasks/does-not-exist/credentials-body3]" time="0.059" /><testcase classname="tests.test_security_reverify_extra" name="test_admin_untyped_dict_bodies_no_500[/admin/tasks/does-not-exist/assign-body4]" time="0.067" /><testcase classname="tests.test_security_reverify_extra" name="test_admin_untyped_dict_bodies_no_500[/admin/tasks/does-not-exist/assign-body5]" time="0.062" /><testcase classname="tests.test_security_reverify_extra" name="test_sign_contract_untyped_body_no_500[body0]" time="0.734" /><testcase classname="tests.test_security_reverify_extra" name="test_sign_contract_untyped_body_no_500[body1]" time="0.064" /><testcase classname="tests.test_security_reverify_extra" name="test_sign_contract_untyped_body_no_500[body2]" time="0.061" /><testcase classname="tests.test_security_reverify_extra" name="test_sign_contract_untyped_body_no_500[body3]" time="0.067" /><testcase classname="tests.test_security_reverify_extra" name="test_contract_template_untyped_body_no_500[body0]" time="0.067" /><testcase classname="tests.test_security_reverify_extra" name="test_contract_template_untyped_body_no_500[body1]" time="0.065" /><testcase classname="tests.test_security_reverify_extra" name="test_contract_template_untyped_body_no_500[body2]" time="0.075" /><testcase classname="tests.test_security_reverify_extra" name="test_applicant_login_malformed_json_no_500[{&quot;email&quot;: &quot;a@b.de&quot;, &quot;password&quot;: &quot;x&quot;]" time="0.055" /><testcase classname="tests.test_security_reverify_extra" name="test_applicant_login_malformed_json_no_500[not json at all]" time="0.055" /><testcase classname="tests.test_security_reverify_extra" name="test_applicant_login_case_and_operator_in_email_string" time="0.059" /><testcase classname="tests.test_security_reverify_extra" name="test_employee_document_download_nonexistent_contract" time="0.062" /><testcase classname="tests.test_security_reverify_extra" name="test_telegram_webhook_wrong_secret_does_not_register" time="0.058" /><testcase classname="tests.test_security_reverify_extra" name="test_test_session_public_endpoints_reject_admin_paths" time="0.310" /></testsuite></testsuites>